mode: set
github.com/bmj2728/catfetch/cmd/catfetch/main.go:13.13,15.12 1 0
github.com/bmj2728/catfetch/cmd/catfetch/main.go:15.12,20.35 3 0
github.com/bmj2728/catfetch/cmd/catfetch/main.go:20.35,22.4 1 0
github.com/bmj2728/catfetch/cmd/catfetch/main.go:23.3,23.13 1 0
github.com/bmj2728/catfetch/cmd/catfetch/main.go:25.2,25.12 1 0
github.com/bmj2728/catfetch/internal/testutil/httptest.go:25.84,27.98 1 0
github.com/bmj2728/catfetch/internal/testutil/httptest.go:27.98,28.28 1 0
github.com/bmj2728/catfetch/internal/testutil/httptest.go:28.28,30.4 1 0
github.com/bmj2728/catfetch/internal/testutil/httptest.go:32.3,32.29 1 0
github.com/bmj2728/catfetch/internal/testutil/httptest.go:32.29,35.4 2 0
github.com/bmj2728/catfetch/internal/testutil/httptest.go:37.3,38.18 2 0
github.com/bmj2728/catfetch/internal/testutil/httptest.go:38.18,40.4 1 0
github.com/bmj2728/catfetch/internal/testutil/httptest.go:42.3,43.57 2 0
github.com/bmj2728/catfetch/internal/testutil/httptest.go:43.57,46.4 2 0
github.com/bmj2728/catfetch/internal/testutil/httptest.go:50.2,50.101 1 0
github.com/bmj2728/catfetch/internal/testutil/httptest.go:50.101,51.31 1 0
github.com/bmj2728/catfetch/internal/testutil/httptest.go:51.31,53.4 1 0
github.com/bmj2728/catfetch/internal/testutil/httptest.go:55.3,55.32 1 0
github.com/bmj2728/catfetch/internal/testutil/httptest.go:55.32,58.4 2 0
github.com/bmj2728/catfetch/internal/testutil/httptest.go:60.3,61.18 2 0
github.com/bmj2728/catfetch/internal/testutil/httptest.go:61.18,63.4 1 0
github.com/bmj2728/catfetch/internal/testutil/httptest.go:65.3,66.30 2 0
github.com/bmj2728/catfetch/internal/testutil/httptest.go:66.30,69.22 2 0
github.com/bmj2728/catfetch/internal/testutil/httptest.go:69.22,71.5 1 0
github.com/bmj2728/catfetch/internal/testutil/httptest.go:73.4,75.29 3 0
github.com/bmj2728/catfetch/internal/testutil/httptest.go:79.2,79.36 1 0
github.com/bmj2728/catfetch/internal/testutil/httptest.go:84.33,92.2 1 0
github.com/bmj2728/catfetch/internal/testutil/httptest.go:95.50,105.2 3 0
github.com/bmj2728/catfetch/internal/testutil/httptest.go:108.37,114.2 1 0
github.com/bmj2728/catfetch/internal/testutil/httptest.go:117.41,121.2 1 0
github.com/bmj2728/catfetch/internal/testutil/httptest.go:124.38,132.2 1 0
github.com/bmj2728/catfetch/internal/testutil/httptest.go:135.33,137.2 1 0
github.com/bmj2728/catfetch/internal/testutil/httptest.go:140.30,156.2 1 0
github.com/bmj2728/catfetch/internal/testutil/httptest.go:159.29,169.2 1 0
github.com/bmj2728/catfetch/internal/testutil/httptest.go:172.29,180.2 1 0
github.com/bmj2728/catfetch/internal/testutil/httptest.go:183.35,190.2 1 0
github.com/bmj2728/catfetch/internal/testutil/httptest.go:193.33,195.2 1 0
github.com/bmj2728/catfetch/internal/testutil/imagetest.go:14.77,19.16 3 0
github.com/bmj2728/catfetch/internal/testutil/imagetest.go:20.21,21.53 1 0
github.com/bmj2728/catfetch/internal/testutil/imagetest.go:21.53,23.4 1 0
github.com/bmj2728/catfetch/internal/testutil/imagetest.go:24.3,24.27 1 0
github.com/bmj2728/catfetch/internal/testutil/imagetest.go:25.13,26.47 1 0
github.com/bmj2728/catfetch/internal/testutil/imagetest.go:26.47,28.4 1 0
github.com/bmj2728/catfetch/internal/testutil/imagetest.go:29.3,29.26 1 0
github.com/bmj2728/catfetch/internal/testutil/imagetest.go:30.13,31.52 1 0
github.com/bmj2728/catfetch/internal/testutil/imagetest.go:31.52,33.4 1 0
github.com/bmj2728/catfetch/internal/testutil/imagetest.go:34.3,34.26 1 0
github.com/bmj2728/catfetch/internal/testutil/imagetest.go:35.10,36.18 1 0
github.com/bmj2728/catfetch/internal/testutil/imagetest.go:41.69,45.30 3 0
github.com/bmj2728/catfetch/internal/testutil/imagetest.go:45.30,46.30 1 0
github.com/bmj2728/catfetch/internal/testutil/imagetest.go:46.30,48.4 1 0
github.com/bmj2728/catfetch/internal/testutil/imagetest.go:51.2,51.12 1 0
github.com/bmj2728/catfetch/internal/testutil/imagetest.go:55.57,58.30 2 0
github.com/bmj2728/catfetch/internal/testutil/imagetest.go:58.30,59.30 1 0
github.com/bmj2728/catfetch/internal/testutil/imagetest.go:59.30,64.4 3 0
github.com/bmj2728/catfetch/internal/testutil/imagetest.go:67.2,67.12 1 0
github.com/bmj2728/catfetch/internal/testutil/imagetest.go:71.47,72.32 1 0
github.com/bmj2728/catfetch/internal/testutil/imagetest.go:72.32,74.3 1 0
github.com/bmj2728/catfetch/internal/testutil/imagetest.go:76.2,79.24 3 0
github.com/bmj2728/catfetch/internal/testutil/imagetest.go:79.24,81.3 1 0
github.com/bmj2728/catfetch/internal/testutil/imagetest.go:83.2,83.49 1 0
github.com/bmj2728/catfetch/internal/testutil/imagetest.go:83.49,84.50 1 0
github.com/bmj2728/catfetch/internal/testutil/imagetest.go:84.50,88.52 3 0
github.com/bmj2728/catfetch/internal/testutil/imagetest.go:88.52,90.5 1 0
github.com/bmj2728/catfetch/internal/testutil/imagetest.go:94.2,94.13 1 0
github.com/bmj2728/catfetch/internal/testutil/imagetest.go:98.46,99.16 1 0
github.com/bmj2728/catfetch/internal/testutil/imagetest.go:99.16,101.3 1 0
github.com/bmj2728/catfetch/internal/testutil/imagetest.go:103.2,107.17 4 0
github.com/bmj2728/catfetch/internal/testutil/imagetest.go:107.17,109.3 1 0
github.com/bmj2728/catfetch/internal/testutil/imagetest.go:111.2,111.23 1 0
github.com/bmj2728/catfetch/internal/testutil/imagetest.go:115.73,121.38 4 0
github.com/bmj2728/catfetch/internal/testutil/imagetest.go:121.38,123.3 1 0
github.com/bmj2728/catfetch/internal/testutil/imagetest.go:127.94,130.16 2 0
github.com/bmj2728/catfetch/internal/testutil/imagetest.go:130.16,132.3 1 0
github.com/bmj2728/catfetch/internal/testutil/imagetest.go:134.2,138.68 4 0
github.com/bmj2728/catfetch/internal/testutil/imagetest.go:138.68,141.3 1 0
github.com/bmj2728/catfetch/internal/testutil/imagetest.go:145.62,146.16 1 0
github.com/bmj2728/catfetch/internal/testutil/imagetest.go:146.16,148.3 1 0
github.com/bmj2728/catfetch/internal/testutil/imagetest.go:150.2,151.33 2 0
github.com/bmj2728/catfetch/internal/testutil/imagetest.go:155.29,156.11 1 0
github.com/bmj2728/catfetch/internal/testutil/imagetest.go:156.11,158.3 1 0
github.com/bmj2728/catfetch/internal/testutil/imagetest.go:159.2,159.10 1 0
github.com/bmj2728/catfetch/internal/testutil/imagetest.go:163.66,166.16 2 0
github.com/bmj2728/catfetch/internal/testutil/imagetest.go:167.21,169.26 2 0
github.com/bmj2728/catfetch/internal/testutil/imagetest.go:170.13,172.26 2 0
github.com/bmj2728/catfetch/internal/testutil/imagetest.go:173.13,175.26 2 0
github.com/bmj2728/catfetch/internal/testutil/imagetest.go:176.10,177.18 1 0
github.com/bmj2728/catfetch/internal/testutil/imagetest.go:182.77,185.2 2 0
github.com/bmj2728/catfetch/internal/testutil/testutil.go:13.57,15.16 2 0
github.com/bmj2728/catfetch/internal/testutil/testutil.go:15.16,17.3 1 0
github.com/bmj2728/catfetch/internal/testutil/testutil.go:21.55,23.16 2 0
github.com/bmj2728/catfetch/internal/testutil/testutil.go:23.16,25.3 1 0
github.com/bmj2728/catfetch/internal/testutil/testutil.go:29.74,31.42 2 0
github.com/bmj2728/catfetch/internal/testutil/testutil.go:31.42,33.3 1 0
github.com/bmj2728/catfetch/internal/testutil/testutil.go:37.77,39.41 2 0
github.com/bmj2728/catfetch/internal/testutil/testutil.go:39.41,41.3 1 0
github.com/bmj2728/catfetch/internal/testutil/testutil.go:45.64,47.102 2 0
github.com/bmj2728/catfetch/internal/testutil/testutil.go:47.102,49.3 1 0
github.com/bmj2728/catfetch/internal/testutil/testutil.go:53.61,55.103 2 0
github.com/bmj2728/catfetch/internal/testutil/testutil.go:55.103,57.3 1 0
github.com/bmj2728/catfetch/internal/testutil/testutil.go:61.59,63.16 2 0
github.com/bmj2728/catfetch/internal/testutil/testutil.go:63.16,65.3 1 0
github.com/bmj2728/catfetch/internal/testutil/testutil.go:69.60,71.15 2 0
github.com/bmj2728/catfetch/internal/testutil/testutil.go:71.15,73.3 1 0
github.com/bmj2728/catfetch/internal/testutil/testutil.go:77.67,79.28 2 0
github.com/bmj2728/catfetch/internal/testutil/testutil.go:79.28,81.3 1 0
github.com/bmj2728/catfetch/internal/testutil/testutil.go:85.83,87.16 2 0
github.com/bmj2728/catfetch/internal/testutil/testutil.go:87.16,89.3 1 0
github.com/bmj2728/catfetch/internal/testutil/testutil.go:90.2,90.41 1 0
github.com/bmj2728/catfetch/internal/testutil/testutil.go:90.41,92.3 1 0
github.com/bmj2728/catfetch/internal/testutil/testutil.go:96.56,98.15 2 0
github.com/bmj2728/catfetch/internal/testutil/testutil.go:98.15,99.31 1 0
github.com/bmj2728/catfetch/internal/testutil/testutil.go:99.31,101.4 1 0
github.com/bmj2728/catfetch/internal/testutil/testutil.go:103.2,103.6 1 0
github.com/bmj2728/catfetch/internal/testutil/testutil.go:107.57,109.15 2 0
github.com/bmj2728/catfetch/internal/testutil/testutil.go:109.15,110.31 1 0
github.com/bmj2728/catfetch/internal/testutil/testutil.go:110.31,112.4 1 0
github.com/bmj2728/catfetch/internal/testutil/testutil.go:114.2,114.6 1 0
github.com/bmj2728/catfetch/internal/testutil/testutil.go:118.57,122.16 3 0
github.com/bmj2728/catfetch/internal/testutil/testutil.go:122.16,124.3 1 0
github.com/bmj2728/catfetch/internal/testutil/testutil.go:126.2,126.13 1 0
github.com/bmj2728/catfetch/internal/testutil/testutil.go:130.58,134.16 3 0
github.com/bmj2728/catfetch/internal/testutil/testutil.go:134.16,136.3 1 0
github.com/bmj2728/catfetch/internal/testutil/testutil.go:138.2,138.50 1 0
github.com/bmj2728/catfetch/internal/testutil/testutil.go:138.50,142.3 3 0
github.com/bmj2728/catfetch/internal/testutil/testutil.go:144.2,144.40 1 0
github.com/bmj2728/catfetch/internal/testutil/testutil.go:144.40,147.3 2 0
github.com/bmj2728/catfetch/internal/testutil/testutil.go:150.2,150.19 1 0
github.com/bmj2728/catfetch/internal/testutil/testutil.go:150.19,152.3 1 0
github.com/bmj2728/catfetch/internal/testutil/testutil.go:154.2,154.23 1 0
github.com/bmj2728/catfetch/internal/testutil/testutil.go:158.41,162.16 3 0
github.com/bmj2728/catfetch/internal/testutil/testutil.go:162.16,164.3 1 0
github.com/bmj2728/catfetch/internal/testutil/testutil.go:167.2,167.19 1 0
github.com/bmj2728/catfetch/internal/testutil/testutil.go:167.19,169.3 1 0
github.com/bmj2728/catfetch/internal/testutil/testutil.go:171.2,171.15 1 0
github.com/bmj2728/catfetch/internal/testutil/testutil.go:175.79,179.62 3 0
github.com/bmj2728/catfetch/internal/testutil/testutil.go:179.62,181.3 1 0
github.com/bmj2728/catfetch/internal/testutil/testutil.go:183.2,183.17 1 0
github.com/bmj2728/catfetch/internal/testutil/testutil.go:187.46,191.16 3 0
github.com/bmj2728/catfetch/internal/testutil/testutil.go:191.16,193.3 1 0
github.com/bmj2728/catfetch/internal/testutil/testutil.go:194.2,197.16 3 0
github.com/bmj2728/catfetch/internal/testutil/testutil.go:197.16,199.3 1 0
github.com/bmj2728/catfetch/internal/testutil/testutil.go:200.2,202.57 2 0
github.com/bmj2728/catfetch/internal/testutil/testutil.go:202.57,204.3 1 0
github.com/bmj2728/catfetch/internal/testutil/testutil.go:208.44,210.21 2 0
github.com/bmj2728/catfetch/internal/testutil/testutil.go:210.21,212.3 1 0
github.com/bmj2728/catfetch/internal/testutil/testutil.go:216.29,219.2 2 0
github.com/bmj2728/catfetch/internal/testutil/testutil.go:222.38,225.2 1 0
github.com/bmj2728/catfetch/internal/testutil/testutil.go:228.43,229.26 1 0
github.com/bmj2728/catfetch/internal/testutil/testutil.go:229.26,231.3 1 0
github.com/bmj2728/catfetch/internal/testutil/testutil.go:232.2,232.43 1 0
github.com/bmj2728/catfetch/internal/testutil/testutil.go:232.43,233.35 1 0
github.com/bmj2728/catfetch/internal/testutil/testutil.go:233.35,235.4 1 0
github.com/bmj2728/catfetch/internal/testutil/testutil.go:237.2,237.14 1 0
github.com/bmj2728/catfetch/internal/testutil/testutil.go:241.50,243.2 1 0
github.com/bmj2728/catfetch/pkg/shared/api/cat.go:30.39,32.2 1 1
github.com/bmj2728/catfetch/pkg/shared/api/cat.go:34.43,36.2 1 1
github.com/bmj2728/catfetch/pkg/shared/api/cat.go:38.49,40.2 1 1
github.com/bmj2728/catfetch/pkg/shared/api/cat.go:42.40,44.2 1 1
github.com/bmj2728/catfetch/pkg/shared/api/cat.go:46.45,48.2 1 1
github.com/bmj2728/catfetch/pkg/shared/api/cat.go:50.81,58.16 6 0
github.com/bmj2728/catfetch/pkg/shared/api/cat.go:58.16,60.3 1 0
github.com/bmj2728/catfetch/pkg/shared/api/cat.go:63.2,64.16 2 0
github.com/bmj2728/catfetch/pkg/shared/api/cat.go:64.16,66.3 1 0
github.com/bmj2728/catfetch/pkg/shared/api/cat.go:68.2,68.33 1 0
github.com/bmj2728/catfetch/pkg/shared/api/cat.go:68.33,70.17 2 0
github.com/bmj2728/catfetch/pkg/shared/api/cat.go:70.18,72.4 0 0
github.com/bmj2728/catfetch/pkg/shared/api/cat.go:76.2,77.16 2 0
github.com/bmj2728/catfetch/pkg/shared/api/cat.go:77.16,79.3 1 0
github.com/bmj2728/catfetch/pkg/shared/api/cat.go:81.2,85.16 3 0
github.com/bmj2728/catfetch/pkg/shared/api/cat.go:85.16,87.3 1 0
github.com/bmj2728/catfetch/pkg/shared/api/cat.go:88.2,88.33 1 0
github.com/bmj2728/catfetch/pkg/shared/api/cat.go:88.33,90.17 2 0
github.com/bmj2728/catfetch/pkg/shared/api/cat.go:90.17,92.4 1 0
github.com/bmj2728/catfetch/pkg/shared/api/cat.go:96.2,97.16 2 0
github.com/bmj2728/catfetch/pkg/shared/api/cat.go:97.16,99.3 1 0
github.com/bmj2728/catfetch/pkg/shared/api/cat.go:102.2,103.16 2 0
github.com/bmj2728/catfetch/pkg/shared/api/cat.go:103.16,106.3 2 0
github.com/bmj2728/catfetch/pkg/shared/api/cat.go:108.2,110.30 2 0
github.com/bmj2728/catfetch/pkg/shared/api/cat.go:110.30,112.3 1 0
github.com/bmj2728/catfetch/pkg/shared/api/cat.go:112.8,114.3 1 0
github.com/bmj2728/catfetch/pkg/shared/api/cat.go:116.2,116.24 1 0
github.com/bmj2728/catfetch/pkg/shared/catpic/catpic.go:18.43,22.2 1 1
github.com/bmj2728/catfetch/pkg/shared/catpic/catpic.go:24.35,28.2 3 1
github.com/bmj2728/catfetch/pkg/shared/catpic/catpic.go:30.41,34.2 3 1
github.com/bmj2728/catfetch/pkg/shared/catpic/catpic.go:36.44,40.2 3 1
github.com/bmj2728/catfetch/pkg/shared/catpic/catpic.go:42.31,46.2 3 1
github.com/bmj2728/catfetch/pkg/shared/catpic/catpic.go:48.33,52.2 3 1
github.com/bmj2728/catfetch/pkg/shared/catpic/catpic.go:54.61,56.16 2 1
github.com/bmj2728/catfetch/pkg/shared/catpic/catpic.go:56.16,59.3 1 1
github.com/bmj2728/catfetch/pkg/shared/catpic/catpic.go:61.2,76.58 11 1
github.com/bmj2728/catfetch/pkg/shared/ui/event_handlers.go:14.65,16.16 2 0
github.com/bmj2728/catfetch/pkg/shared/ui/event_handlers.go:16.16,19.3 2 0
github.com/bmj2728/catfetch/pkg/shared/ui/event_handlers.go:21.2,21.27 1 0
github.com/bmj2728/catfetch/pkg/shared/ui/loop.go:17.31,27.6 5 0
github.com/bmj2728/catfetch/pkg/shared/ui/loop.go:27.6,28.32 1 0
github.com/bmj2728/catfetch/pkg/shared/ui/loop.go:29.25,30.16 1 0
github.com/bmj2728/catfetch/pkg/shared/ui/loop.go:32.23,36.61 2 0
github.com/bmj2728/catfetch/pkg/shared/ui/loop.go:36.61,38.31 2 0
github.com/bmj2728/catfetch/pkg/shared/ui/loop.go:38.31,40.20 2 0
github.com/bmj2728/catfetch/pkg/shared/ui/loop.go:40.20,42.7 1 0
github.com/bmj2728/catfetch/pkg/shared/ui/loop.go:42.12,45.7 1 0
github.com/bmj2728/catfetch/pkg/shared/ui/loop.go:46.6,47.23 2 0
github.com/bmj2728/catfetch/pkg/shared/ui/loop.go:53.4,58.61 1 0
github.com/bmj2728/catfetch/pkg/shared/ui/loop.go:58.61,59.101 1 0
github.com/bmj2728/catfetch/pkg/shared/ui/loop.go:59.101,62.7 2 0
github.com/bmj2728/catfetch/pkg/shared/ui/loop.go:66.65,67.101 1 0
github.com/bmj2728/catfetch/pkg/shared/ui/loop.go:67.101,68.41 1 0
github.com/bmj2728/catfetch/pkg/shared/ui/loop.go:68.41,71.8 1 0
github.com/bmj2728/catfetch/pkg/shared/ui/loop.go:72.7,72.36 1 0
github.com/bmj2728/catfetch/pkg/shared/ui/loop.go:77.4,77.20 1 0
